20-May-2021 00:30:34.348 WARNING [main] org.apache.catalina.core.AprLifecycleListener.init The APR based Apache Tomcat Native library failed to load. The error reported was [C:\Users\pushkarjayantchoupan\eclipse-workspace\HelloWorldJavaEE\Tomcat\bin\tcnative-1.dll: Can't load IA 32-bit .dll on a AMD 64-bit platform]
 java.lang.UnsatisfiedLinkError: C:\Users\pushkarjayantchoupan\eclipse-workspace\HelloWorldJavaEE\Tomcat\bin\tcnative-1.dll: Can't load IA 32-bit .dll on a AMD 64-bit platform
	at java.lang.ClassLoader$NativeLibrary.load(Native Method)
	at java.lang.ClassLoader.loadLibrary0(ClassLoader.java:1934)
	at java.lang.ClassLoader.loadLibrary(ClassLoader.java:1850)
	at java.lang.Runtime.loadLibrary0(Runtime.java:871)
	at java.lang.System.loadLibrary(System.java:1124)
	at org.apache.tomcat.jni.Library.<init>(Library.java:42)
	at org.apache.tomcat.jni.Library.initialize(Library.java:178)
	at org.apache.catalina.core.AprLifecycleListener.init(AprLifecycleListener.java:197)
	at org.apache.catalina.core.AprLifecycleListener.isAprAvailable(AprLifecycleListener.java:106)
	at org.apache.catalina.connector.Connector.setProtocol(Connector.java:564)
	at org.apache.catalina.connector.Connector.<init>(Connector.java:66)
	at org.apache.catalina.startup.ConnectorCreateRule.begin(ConnectorCreateRule.java:62)
	at org.apache.tomcat.util.digester.Digester.startElement(Digester.java:1178)
	at com.sun.org.apache.xerces.internal.parsers.AbstractSAXParser.startElement(AbstractSAXParser.java:509)
	at com.sun.org.apache.xerces.internal.parsers.AbstractXMLDocumentParser.emptyElement(AbstractXMLDocumentParser.java:182)
	at com.sun.org.apache.xerces.internal.impl.XMLDocumentFragmentScannerImpl.scanStartElement(XMLDocumentFragmentScannerImpl.java:1339)
	at com.sun.org.apache.xerces.internal.impl.XMLDocumentFragmentScannerImpl$FragmentContentDriver.next(XMLDocumentFragmentScannerImpl.java:2784)
	at com.sun.org.apache.xerces.internal.impl.XMLDocumentScannerImpl.next(XMLDocumentScannerImpl.java:602)
	at com.sun.org.apache.xerces.internal.impl.XMLDocumentFragmentScannerImpl.scanDocument(XMLDocumentFragmentScannerImpl.java:505)
	at com.sun.org.apache.xerces.internal.parsers.XML11Configuration.parse(XML11Configuration.java:842)
	at com.sun.org.apache.xerces.internal.parsers.XML11Configuration.parse(XML11Configuration.java:771)
	at com.sun.org.apache.xerces.internal.parsers.XMLParser.parse(XMLParser.java:141)
	at com.sun.org.apache.xerces.internal.parsers.AbstractSAXParser.parse(AbstractSAXParser.java:1213)
	at com.sun.org.apache.xerces.internal.jaxp.SAXParserImpl$JAXPSAXParser.parse(SAXParserImpl.java:643)
	at org.apache.tomcat.util.digester.Digester.parse(Digester.java:1451)
	at org.apache.catalina.startup.Catalina.load(Catalina.java:552)
	at org.apache.catalina.startup.Catalina.load(Catalina.java:603)
	at sun.reflect.NativeMethodAccessorImpl.invoke0(Native Method)
	at sun.reflect.NativeMethodAccessorImpl.invoke(NativeMethodAccessorImpl.java:62)
	at sun.reflect.DelegatingMethodAccessorImpl.invoke(DelegatingMethodAccessorImpl.java:43)
	at java.lang.reflect.Method.invoke(Method.java:498)
	at org.apache.catalina.startup.Bootstrap.load(Bootstrap.java:310)
	at org.apache.catalina.startup.Bootstrap.main(Bootstrap.java:484)

20-May-2021 00:30:34.422 INFO [main] org.apache.catalina.startup.VersionLoggerListener.log Server version:        Apache Tomcat/8.0.36
20-May-2021 00:30:34.422 INFO [main] org.apache.catalina.startup.VersionLoggerListener.log Server built:          Jun 9 2016 13:55:50 UTC
20-May-2021 00:30:34.425 INFO [main] org.apache.catalina.startup.VersionLoggerListener.log Server number:         8.0.36.0
20-May-2021 00:30:34.427 INFO [main] org.apache.catalina.startup.VersionLoggerListener.log OS Name:               Windows 10
20-May-2021 00:30:34.428 INFO [main] org.apache.catalina.startup.VersionLoggerListener.log OS Version:            10.0
20-May-2021 00:30:34.430 INFO [main] org.apache.catalina.startup.VersionLoggerListener.log Architecture:          amd64
20-May-2021 00:30:34.432 INFO [main] org.apache.catalina.startup.VersionLoggerListener.log Java Home:             C:\Program Files\AdoptOpenJDK\jdk-8.0.272.10-hotspot\jre
20-May-2021 00:30:34.434 INFO [main] org.apache.catalina.startup.VersionLoggerListener.log JVM Version:           1.8.0_272-b10
20-May-2021 00:30:34.435 INFO [main] org.apache.catalina.startup.VersionLoggerListener.log JVM Vendor:            AdoptOpenJDK
20-May-2021 00:30:34.437 INFO [main] org.apache.catalina.startup.VersionLoggerListener.log CATALINA_BASE:         C:\Users\pushkarjayantchoupan\eclipse-workspace\HelloWorldJavaEE\Tomcat
20-May-2021 00:30:34.438 INFO [main] org.apache.catalina.startup.VersionLoggerListener.log CATALINA_HOME:         C:\Users\pushkarjayantchoupan\eclipse-workspace\HelloWorldJavaEE\Tomcat
20-May-2021 00:30:34.440 INFO [main] org.apache.catalina.startup.VersionLoggerListener.log Command line argument: -Djava.util.logging.config.file=C:/Users/pushkarjayantchoupan/eclipse-workspace/HelloWorldJavaEE/Tomcat/conf/logging.properties
20-May-2021 00:30:34.442 INFO [main] org.apache.catalina.startup.VersionLoggerListener.log Command line argument: -Djava.util.logging.manager=org.apache.juli.ClassLoaderLogManager
20-May-2021 00:30:34.443 INFO [main] org.apache.catalina.startup.VersionLoggerListener.log Command line argument: -Djdk.tls.ephemeralDHKeySize=2048
20-May-2021 00:30:34.445 INFO [main] org.apache.catalina.startup.VersionLoggerListener.log Command line argument: -Djava.endorsed.dirs=C:/Users/pushkarjayantchoupan/eclipse-workspace/HelloWorldJavaEE/Tomcat/endorsed
20-May-2021 00:30:34.446 INFO [main] org.apache.catalina.startup.VersionLoggerListener.log Command line argument: -Dcatalina.base=C:/Users/pushkarjayantchoupan/eclipse-workspace/HelloWorldJavaEE/Tomcat
20-May-2021 00:30:34.450 INFO [main] org.apache.catalina.startup.VersionLoggerListener.log Command line argument: -Dcatalina.home=C:/Users/pushkarjayantchoupan/eclipse-workspace/HelloWorldJavaEE/Tomcat
20-May-2021 00:30:34.452 INFO [main] org.apache.catalina.startup.VersionLoggerListener.log Command line argument: -Djava.io.tmpdir=C:/Users/pushkarjayantchoupan/eclipse-workspace/HelloWorldJavaEE/Tomcat/temp
20-May-2021 00:30:34.530 INFO [main] org.apache.coyote.AbstractProtocol.init Initializing ProtocolHandler ["http-nio-8080"]
20-May-2021 00:30:34.841 INFO [main] org.apache.tomcat.util.net.NioSelectorPool.getSharedSelector Using a shared selector for servlet write/read
20-May-2021 00:30:34.844 INFO [main] org.apache.coyote.AbstractProtocol.init Initializing ProtocolHandler ["ajp-nio-8009"]
20-May-2021 00:30:34.847 INFO [main] org.apache.tomcat.util.net.NioSelectorPool.getSharedSelector Using a shared selector for servlet write/read
20-May-2021 00:30:34.848 INFO [main] org.apache.catalina.startup.Catalina.load Initialization processed in 684 ms
20-May-2021 00:30:34.881 INFO [main] org.apache.catalina.core.StandardService.startInternal Starting service Catalina
20-May-2021 00:30:34.881 INFO [main] org.apache.catalina.core.StandardEngine.startInternal Starting Servlet Engine: Apache Tomcat/8.0.36
20-May-2021 00:30:34.895 INFO [localhost-startStop-1] org.apache.catalina.startup.HostConfig.deployDescriptor Deploying configuration descriptor C:\Users\pushkarjayantchoupan\eclipse-workspace\HelloWorldJavaEE\Tomcat\conf\Catalina\localhost\deployment.xml
20-May-2021 00:30:35.326 INFO [localhost-startStop-1] org.apache.catalina.startup.HostConfig.deployDescriptor Deployment of configuration descriptor C:\Users\pushkarjayantchoupan\eclipse-workspace\HelloWorldJavaEE\Tomcat\conf\Catalina\localhost\deployment.xml has finished in 432 ms
20-May-2021 00:30:35.327 INFO [localhost-startStop-1] org.apache.catalina.startup.HostConfig.deployDirectory Deploying web application directory C:\Users\pushkarjayantchoupan\eclipse-workspace\HelloWorldJavaEE\Tomcat\webapps\docs
20-May-2021 00:30:35.346 INFO [localhost-startStop-1] org.apache.catalina.startup.HostConfig.deployDirectory Deployment of web application directory C:\Users\pushkarjayantchoupan\eclipse-workspace\HelloWorldJavaEE\Tomcat\webapps\docs has finished in 19 ms
20-May-2021 00:30:35.347 INFO [localhost-startStop-1] org.apache.catalina.startup.HostConfig.deployDirectory Deploying web application directory C:\Users\pushkarjayantchoupan\eclipse-workspace\HelloWorldJavaEE\Tomcat\webapps\examples
20-May-2021 00:30:35.678 INFO [localhost-startStop-1] org.apache.catalina.startup.HostConfig.deployDirectory Deployment of web application directory C:\Users\pushkarjayantchoupan\eclipse-workspace\HelloWorldJavaEE\Tomcat\webapps\examples has finished in 330 ms
20-May-2021 00:30:35.678 INFO [localhost-startStop-1] org.apache.catalina.startup.HostConfig.deployDirectory Deploying web application directory C:\Users\pushkarjayantchoupan\eclipse-workspace\HelloWorldJavaEE\Tomcat\webapps\host-manager
20-May-2021 00:30:35.704 INFO [localhost-startStop-1] org.apache.catalina.startup.HostConfig.deployDirectory Deployment of web application directory C:\Users\pushkarjayantchoupan\eclipse-workspace\HelloWorldJavaEE\Tomcat\webapps\host-manager has finished in 26 ms
20-May-2021 00:30:35.704 INFO [localhost-startStop-1] org.apache.catalina.startup.HostConfig.deployDirectory Deploying web application directory C:\Users\pushkarjayantchoupan\eclipse-workspace\HelloWorldJavaEE\Tomcat\webapps\manager
20-May-2021 00:30:35.732 INFO [localhost-startStop-1] org.apache.catalina.startup.HostConfig.deployDirectory Deployment of web application directory C:\Users\pushkarjayantchoupan\eclipse-workspace\HelloWorldJavaEE\Tomcat\webapps\manager has finished in 28 ms
20-May-2021 00:30:35.732 INFO [localhost-startStop-1] org.apache.catalina.startup.HostConfig.deployDirectory Deploying web application directory C:\Users\pushkarjayantchoupan\eclipse-workspace\HelloWorldJavaEE\Tomcat\webapps\ROOT
20-May-2021 00:30:35.751 INFO [localhost-startStop-1] org.apache.catalina.startup.HostConfig.deployDirectory Deployment of web application directory C:\Users\pushkarjayantchoupan\eclipse-workspace\HelloWorldJavaEE\Tomcat\webapps\ROOT has finished in 19 ms
20-May-2021 00:30:35.753 INFO [main] org.apache.coyote.AbstractProtocol.start Starting ProtocolHandler ["http-nio-8080"]
20-May-2021 00:30:35.758 INFO [main] org.apache.coyote.AbstractProtocol.start Starting ProtocolHandler ["ajp-nio-8009"]
20-May-2021 00:30:35.759 INFO [main] org.apache.catalina.startup.Catalina.start Server startup in 911 ms
20-May-2021 00:33:42.132 INFO [Thread-5] org.apache.coyote.AbstractProtocol.pause Pausing ProtocolHandler ["http-nio-8080"]
20-May-2021 00:33:42.205 INFO [Thread-5] org.apache.coyote.AbstractProtocol.pause Pausing ProtocolHandler ["ajp-nio-8009"]
20-May-2021 00:33:42.267 INFO [Thread-5] org.apache.catalina.core.StandardService.stopInternal Stopping service Catalina
20-May-2021 00:33:42.299 INFO [Thread-5] org.apache.coyote.AbstractProtocol.stop Stopping ProtocolHandler ["http-nio-8080"]
20-May-2021 00:33:42.303 INFO [Thread-5] org.apache.coyote.AbstractProtocol.stop Stopping ProtocolHandler ["ajp-nio-8009"]
20-May-2021 00:33:42.344 INFO [Thread-5] org.apache.coyote.AbstractProtocol.destroy Destroying ProtocolHandler ["http-nio-8080"]
20-May-2021 00:33:42.344 INFO [Thread-5] org.apache.coyote.AbstractProtocol.destroy Destroying ProtocolHandler ["ajp-nio-8009"]
20-May-2021 00:33:50.203 WARNING [main] org.apache.catalina.core.AprLifecycleListener.init The APR based Apache Tomcat Native library failed to load. The error reported was [C:\Users\pushkarjayantchoupan\eclipse-workspace\HelloWorldJavaEE\Tomcat\bin\tcnative-1.dll: Can't load IA 32-bit .dll on a AMD 64-bit platform]
 java.lang.UnsatisfiedLinkError: C:\Users\pushkarjayantchoupan\eclipse-workspace\HelloWorldJavaEE\Tomcat\bin\tcnative-1.dll: Can't load IA 32-bit .dll on a AMD 64-bit platform
	at java.lang.ClassLoader$NativeLibrary.load(Native Method)
	at java.lang.ClassLoader.loadLibrary0(ClassLoader.java:1934)
	at java.lang.ClassLoader.loadLibrary(ClassLoader.java:1850)
	at java.lang.Runtime.loadLibrary0(Runtime.java:871)
	at java.lang.System.loadLibrary(System.java:1124)
	at org.apache.tomcat.jni.Library.<init>(Library.java:42)
	at org.apache.tomcat.jni.Library.initialize(Library.java:178)
	at org.apache.catalina.core.AprLifecycleListener.init(AprLifecycleListener.java:197)
	at org.apache.catalina.core.AprLifecycleListener.isAprAvailable(AprLifecycleListener.java:106)
	at org.apache.catalina.connector.Connector.setProtocol(Connector.java:564)
	at org.apache.catalina.connector.Connector.<init>(Connector.java:66)
	at org.apache.catalina.startup.ConnectorCreateRule.begin(ConnectorCreateRule.java:62)
	at org.apache.tomcat.util.digester.Digester.startElement(Digester.java:1178)
	at com.sun.org.apache.xerces.internal.parsers.AbstractSAXParser.startElement(AbstractSAXParser.java:509)
	at com.sun.org.apache.xerces.internal.parsers.AbstractXMLDocumentParser.emptyElement(AbstractXMLDocumentParser.java:182)
	at com.sun.org.apache.xerces.internal.impl.XMLDocumentFragmentScannerImpl.scanStartElement(XMLDocumentFragmentScannerImpl.java:1339)
	at com.sun.org.apache.xerces.internal.impl.XMLDocumentFragmentScannerImpl$FragmentContentDriver.next(XMLDocumentFragmentScannerImpl.java:2784)
	at com.sun.org.apache.xerces.internal.impl.XMLDocumentScannerImpl.next(XMLDocumentScannerImpl.java:602)
	at com.sun.org.apache.xerces.internal.impl.XMLDocumentFragmentScannerImpl.scanDocument(XMLDocumentFragmentScannerImpl.java:505)
	at com.sun.org.apache.xerces.internal.parsers.XML11Configuration.parse(XML11Configuration.java:842)
	at com.sun.org.apache.xerces.internal.parsers.XML11Configuration.parse(XML11Configuration.java:771)
	at com.sun.org.apache.xerces.internal.parsers.XMLParser.parse(XMLParser.java:141)
	at com.sun.org.apache.xerces.internal.parsers.AbstractSAXParser.parse(AbstractSAXParser.java:1213)
	at com.sun.org.apache.xerces.internal.jaxp.SAXParserImpl$JAXPSAXParser.parse(SAXParserImpl.java:643)
	at org.apache.tomcat.util.digester.Digester.parse(Digester.java:1451)
	at org.apache.catalina.startup.Catalina.load(Catalina.java:552)
	at org.apache.catalina.startup.Catalina.load(Catalina.java:603)
	at sun.reflect.NativeMethodAccessorImpl.invoke0(Native Method)
	at sun.reflect.NativeMethodAccessorImpl.invoke(NativeMethodAccessorImpl.java:62)
	at sun.reflect.DelegatingMethodAccessorImpl.invoke(DelegatingMethodAccessorImpl.java:43)
	at java.lang.reflect.Method.invoke(Method.java:498)
	at org.apache.catalina.startup.Bootstrap.load(Bootstrap.java:310)
	at org.apache.catalina.startup.Bootstrap.main(Bootstrap.java:484)

20-May-2021 00:33:50.257 INFO [main] org.apache.catalina.startup.VersionLoggerListener.log Server version:        Apache Tomcat/8.0.36
20-May-2021 00:33:50.257 INFO [main] org.apache.catalina.startup.VersionLoggerListener.log Server built:          Jun 9 2016 13:55:50 UTC
20-May-2021 00:33:50.258 INFO [main] org.apache.catalina.startup.VersionLoggerListener.log Server number:         8.0.36.0
20-May-2021 00:33:50.258 INFO [main] org.apache.catalina.startup.VersionLoggerListener.log OS Name:               Windows 10
20-May-2021 00:33:50.260 INFO [main] org.apache.catalina.startup.VersionLoggerListener.log OS Version:            10.0
20-May-2021 00:33:50.260 INFO [main] org.apache.catalina.startup.VersionLoggerListener.log Architecture:          amd64
20-May-2021 00:33:50.261 INFO [main] org.apache.catalina.startup.VersionLoggerListener.log Java Home:             C:\Program Files\AdoptOpenJDK\jdk-8.0.272.10-hotspot\jre
20-May-2021 00:33:50.261 INFO [main] org.apache.catalina.startup.VersionLoggerListener.log JVM Version:           1.8.0_272-b10
20-May-2021 00:33:50.262 INFO [main] org.apache.catalina.startup.VersionLoggerListener.log JVM Vendor:            AdoptOpenJDK
20-May-2021 00:33:50.262 INFO [main] org.apache.catalina.startup.VersionLoggerListener.log CATALINA_BASE:         C:\Users\pushkarjayantchoupan\eclipse-workspace\HelloWorldJavaEE\Tomcat
20-May-2021 00:33:50.263 INFO [main] org.apache.catalina.startup.VersionLoggerListener.log CATALINA_HOME:         C:\Users\pushkarjayantchoupan\eclipse-workspace\HelloWorldJavaEE\Tomcat
20-May-2021 00:33:50.263 INFO [main] org.apache.catalina.startup.VersionLoggerListener.log Command line argument: -Djava.util.logging.config.file=C:/Users/pushkarjayantchoupan/eclipse-workspace/HelloWorldJavaEE/Tomcat/conf/logging.properties
20-May-2021 00:33:50.263 INFO [main] org.apache.catalina.startup.VersionLoggerListener.log Command line argument: -Djava.util.logging.manager=org.apache.juli.ClassLoaderLogManager
20-May-2021 00:33:50.264 INFO [main] org.apache.catalina.startup.VersionLoggerListener.log Command line argument: -Djdk.tls.ephemeralDHKeySize=2048
20-May-2021 00:33:50.264 INFO [main] org.apache.catalina.startup.VersionLoggerListener.log Command line argument: -Djava.endorsed.dirs=C:/Users/pushkarjayantchoupan/eclipse-workspace/HelloWorldJavaEE/Tomcat/endorsed
20-May-2021 00:33:50.264 INFO [main] org.apache.catalina.startup.VersionLoggerListener.log Command line argument: -Dcatalina.base=C:/Users/pushkarjayantchoupan/eclipse-workspace/HelloWorldJavaEE/Tomcat
20-May-2021 00:33:50.265 INFO [main] org.apache.catalina.startup.VersionLoggerListener.log Command line argument: -Dcatalina.home=C:/Users/pushkarjayantchoupan/eclipse-workspace/HelloWorldJavaEE/Tomcat
20-May-2021 00:33:50.265 INFO [main] org.apache.catalina.startup.VersionLoggerListener.log Command line argument: -Djava.io.tmpdir=C:/Users/pushkarjayantchoupan/eclipse-workspace/HelloWorldJavaEE/Tomcat/temp
20-May-2021 00:33:50.333 INFO [main] org.apache.coyote.AbstractProtocol.init Initializing ProtocolHandler ["http-nio-8080"]
20-May-2021 00:33:50.606 INFO [main] org.apache.tomcat.util.net.NioSelectorPool.getSharedSelector Using a shared selector for servlet write/read
20-May-2021 00:33:50.608 INFO [main] org.apache.coyote.AbstractProtocol.init Initializing ProtocolHandler ["ajp-nio-8009"]
20-May-2021 00:33:50.610 INFO [main] org.apache.tomcat.util.net.NioSelectorPool.getSharedSelector Using a shared selector for servlet write/read
20-May-2021 00:33:50.610 INFO [main] org.apache.catalina.startup.Catalina.load Initialization processed in 577 ms
20-May-2021 00:33:50.629 INFO [main] org.apache.catalina.core.StandardService.startInternal Starting service Catalina
20-May-2021 00:33:50.629 INFO [main] org.apache.catalina.core.StandardEngine.startInternal Starting Servlet Engine: Apache Tomcat/8.0.36
20-May-2021 00:33:50.638 INFO [localhost-startStop-1] org.apache.catalina.startup.HostConfig.deployDescriptor Deploying configuration descriptor C:\Users\pushkarjayantchoupan\eclipse-workspace\HelloWorldJavaEE\Tomcat\conf\Catalina\localhost\deployment.xml
20-May-2021 00:33:50.978 INFO [localhost-startStop-1] org.apache.catalina.startup.HostConfig.deployDescriptor Deployment of configuration descriptor C:\Users\pushkarjayantchoupan\eclipse-workspace\HelloWorldJavaEE\Tomcat\conf\Catalina\localhost\deployment.xml has finished in 340 ms
20-May-2021 00:33:50.979 INFO [localhost-startStop-1] org.apache.catalina.startup.HostConfig.deployDirectory Deploying web application directory C:\Users\pushkarjayantchoupan\eclipse-workspace\HelloWorldJavaEE\Tomcat\webapps\docs
20-May-2021 00:33:50.999 INFO [localhost-startStop-1] org.apache.catalina.startup.HostConfig.deployDirectory Deployment of web application directory C:\Users\pushkarjayantchoupan\eclipse-workspace\HelloWorldJavaEE\Tomcat\webapps\docs has finished in 20 ms
20-May-2021 00:33:50.999 INFO [localhost-startStop-1] org.apache.catalina.startup.HostConfig.deployDirectory Deploying web application directory C:\Users\pushkarjayantchoupan\eclipse-workspace\HelloWorldJavaEE\Tomcat\webapps\examples
20-May-2021 00:33:51.316 INFO [localhost-startStop-1] org.apache.catalina.startup.HostConfig.deployDirectory Deployment of web application directory C:\Users\pushkarjayantchoupan\eclipse-workspace\HelloWorldJavaEE\Tomcat\webapps\examples has finished in 317 ms
20-May-2021 00:33:51.316 INFO [localhost-startStop-1] org.apache.catalina.startup.HostConfig.deployDirectory Deploying web application directory C:\Users\pushkarjayantchoupan\eclipse-workspace\HelloWorldJavaEE\Tomcat\webapps\host-manager
20-May-2021 00:33:51.342 INFO [localhost-startStop-1] org.apache.catalina.startup.HostConfig.deployDirectory Deployment of web application directory C:\Users\pushkarjayantchoupan\eclipse-workspace\HelloWorldJavaEE\Tomcat\webapps\host-manager has finished in 26 ms
20-May-2021 00:33:51.343 INFO [localhost-startStop-1] org.apache.catalina.startup.HostConfig.deployDirectory Deploying web application directory C:\Users\pushkarjayantchoupan\eclipse-workspace\HelloWorldJavaEE\Tomcat\webapps\manager
20-May-2021 00:33:51.368 INFO [localhost-startStop-1] org.apache.catalina.startup.HostConfig.deployDirectory Deployment of web application directory C:\Users\pushkarjayantchoupan\eclipse-workspace\HelloWorldJavaEE\Tomcat\webapps\manager has finished in 25 ms
20-May-2021 00:33:51.368 INFO [localhost-startStop-1] org.apache.catalina.startup.HostConfig.deployDirectory Deploying web application directory C:\Users\pushkarjayantchoupan\eclipse-workspace\HelloWorldJavaEE\Tomcat\webapps\ROOT
20-May-2021 00:33:51.389 INFO [localhost-startStop-1] org.apache.catalina.startup.HostConfig.deployDirectory Deployment of web application directory C:\Users\pushkarjayantchoupan\eclipse-workspace\HelloWorldJavaEE\Tomcat\webapps\ROOT has finished in 21 ms
20-May-2021 00:33:51.391 INFO [main] org.apache.coyote.AbstractProtocol.start Starting ProtocolHandler ["http-nio-8080"]
20-May-2021 00:33:51.396 INFO [main] org.apache.coyote.AbstractProtocol.start Starting ProtocolHandler ["ajp-nio-8009"]
20-May-2021 00:33:51.398 INFO [main] org.apache.catalina.startup.Catalina.start Server startup in 787 ms
20-May-2021 00:34:41.610 INFO [Thread-5] org.apache.coyote.AbstractProtocol.pause Pausing ProtocolHandler ["http-nio-8080"]
20-May-2021 00:34:41.679 INFO [Thread-5] org.apache.coyote.AbstractProtocol.pause Pausing ProtocolHandler ["ajp-nio-8009"]
20-May-2021 00:34:41.742 INFO [Thread-5] org.apache.catalina.core.StandardService.stopInternal Stopping service Catalina
20-May-2021 00:34:41.761 INFO [Thread-5] org.apache.coyote.AbstractProtocol.stop Stopping ProtocolHandler ["http-nio-8080"]
20-May-2021 00:34:41.763 INFO [Thread-5] org.apache.coyote.AbstractProtocol.stop Stopping ProtocolHandler ["ajp-nio-8009"]
20-May-2021 00:34:41.764 INFO [Thread-5] org.apache.coyote.AbstractProtocol.destroy Destroying ProtocolHandler ["http-nio-8080"]
20-May-2021 00:34:41.764 INFO [Thread-5] org.apache.coyote.AbstractProtocol.destroy Destroying ProtocolHandler ["ajp-nio-8009"]
20-May-2021 00:34:50.641 WARNING [main] org.apache.catalina.core.AprLifecycleListener.init The APR based Apache Tomcat Native library failed to load. The error reported was [C:\Users\pushkarjayantchoupan\eclipse-workspace\HelloWorldJavaEE\Tomcat\bin\tcnative-1.dll: Can't load IA 32-bit .dll on a AMD 64-bit platform]
 java.lang.UnsatisfiedLinkError: C:\Users\pushkarjayantchoupan\eclipse-workspace\HelloWorldJavaEE\Tomcat\bin\tcnative-1.dll: Can't load IA 32-bit .dll on a AMD 64-bit platform
	at java.lang.ClassLoader$NativeLibrary.load(Native Method)
	at java.lang.ClassLoader.loadLibrary0(ClassLoader.java:1934)
	at java.lang.ClassLoader.loadLibrary(ClassLoader.java:1850)
	at java.lang.Runtime.loadLibrary0(Runtime.java:871)
	at java.lang.System.loadLibrary(System.java:1124)
	at org.apache.tomcat.jni.Library.<init>(Library.java:42)
	at org.apache.tomcat.jni.Library.initialize(Library.java:178)
	at org.apache.catalina.core.AprLifecycleListener.init(AprLifecycleListener.java:197)
	at org.apache.catalina.core.AprLifecycleListener.isAprAvailable(AprLifecycleListener.java:106)
	at org.apache.catalina.connector.Connector.setProtocol(Connector.java:564)
	at org.apache.catalina.connector.Connector.<init>(Connector.java:66)
	at org.apache.catalina.startup.ConnectorCreateRule.begin(ConnectorCreateRule.java:62)
	at org.apache.tomcat.util.digester.Digester.startElement(Digester.java:1178)
	at com.sun.org.apache.xerces.internal.parsers.AbstractSAXParser.startElement(AbstractSAXParser.java:509)
	at com.sun.org.apache.xerces.internal.parsers.AbstractXMLDocumentParser.emptyElement(AbstractXMLDocumentParser.java:182)
	at com.sun.org.apache.xerces.internal.impl.XMLDocumentFragmentScannerImpl.scanStartElement(XMLDocumentFragmentScannerImpl.java:1339)
	at com.sun.org.apache.xerces.internal.impl.XMLDocumentFragmentScannerImpl$FragmentContentDriver.next(XMLDocumentFragmentScannerImpl.java:2784)
	at com.sun.org.apache.xerces.internal.impl.XMLDocumentScannerImpl.next(XMLDocumentScannerImpl.java:602)
	at com.sun.org.apache.xerces.internal.impl.XMLDocumentFragmentScannerImpl.scanDocument(XMLDocumentFragmentScannerImpl.java:505)
	at com.sun.org.apache.xerces.internal.parsers.XML11Configuration.parse(XML11Configuration.java:842)
	at com.sun.org.apache.xerces.internal.parsers.XML11Configuration.parse(XML11Configuration.java:771)
	at com.sun.org.apache.xerces.internal.parsers.XMLParser.parse(XMLParser.java:141)
	at com.sun.org.apache.xerces.internal.parsers.AbstractSAXParser.parse(AbstractSAXParser.java:1213)
	at com.sun.org.apache.xerces.internal.jaxp.SAXParserImpl$JAXPSAXParser.parse(SAXParserImpl.java:643)
	at org.apache.tomcat.util.digester.Digester.parse(Digester.java:1451)
	at org.apache.catalina.startup.Catalina.load(Catalina.java:552)
	at org.apache.catalina.startup.Catalina.load(Catalina.java:603)
	at sun.reflect.NativeMethodAccessorImpl.invoke0(Native Method)
	at sun.reflect.NativeMethodAccessorImpl.invoke(NativeMethodAccessorImpl.java:62)
	at sun.reflect.DelegatingMethodAccessorImpl.invoke(DelegatingMethodAccessorImpl.java:43)
	at java.lang.reflect.Method.invoke(Method.java:498)
	at org.apache.catalina.startup.Bootstrap.load(Bootstrap.java:310)
	at org.apache.catalina.startup.Bootstrap.main(Bootstrap.java:484)

20-May-2021 00:34:50.704 INFO [main] org.apache.catalina.startup.VersionLoggerListener.log Server version:        Apache Tomcat/8.0.36
20-May-2021 00:34:50.704 INFO [main] org.apache.catalina.startup.VersionLoggerListener.log Server built:          Jun 9 2016 13:55:50 UTC
20-May-2021 00:34:50.705 INFO [main] org.apache.catalina.startup.VersionLoggerListener.log Server number:         8.0.36.0
20-May-2021 00:34:50.707 INFO [main] org.apache.catalina.startup.VersionLoggerListener.log OS Name:               Windows 10
20-May-2021 00:34:50.707 INFO [main] org.apache.catalina.startup.VersionLoggerListener.log OS Version:            10.0
20-May-2021 00:34:50.708 INFO [main] org.apache.catalina.startup.VersionLoggerListener.log Architecture:          amd64
20-May-2021 00:34:50.708 INFO [main] org.apache.catalina.startup.VersionLoggerListener.log Java Home:             C:\Program Files\AdoptOpenJDK\jdk-8.0.272.10-hotspot\jre
20-May-2021 00:34:50.709 INFO [main] org.apache.catalina.startup.VersionLoggerListener.log JVM Version:           1.8.0_272-b10
20-May-2021 00:34:50.709 INFO [main] org.apache.catalina.startup.VersionLoggerListener.log JVM Vendor:            AdoptOpenJDK
20-May-2021 00:34:50.709 INFO [main] org.apache.catalina.startup.VersionLoggerListener.log CATALINA_BASE:         C:\Users\pushkarjayantchoupan\eclipse-workspace\HelloWorldJavaEE\Tomcat
20-May-2021 00:34:50.710 INFO [main] org.apache.catalina.startup.VersionLoggerListener.log CATALINA_HOME:         C:\Users\pushkarjayantchoupan\eclipse-workspace\HelloWorldJavaEE\Tomcat
20-May-2021 00:34:50.710 INFO [main] org.apache.catalina.startup.VersionLoggerListener.log Command line argument: -Djava.util.logging.config.file=C:/Users/pushkarjayantchoupan/eclipse-workspace/HelloWorldJavaEE/Tomcat/conf/logging.properties
20-May-2021 00:34:50.711 INFO [main] org.apache.catalina.startup.VersionLoggerListener.log Command line argument: -Djava.util.logging.manager=org.apache.juli.ClassLoaderLogManager
20-May-2021 00:34:50.711 INFO [main] org.apache.catalina.startup.VersionLoggerListener.log Command line argument: -Djdk.tls.ephemeralDHKeySize=2048
20-May-2021 00:34:50.711 INFO [main] org.apache.catalina.startup.VersionLoggerListener.log Command line argument: -Djava.endorsed.dirs=C:/Users/pushkarjayantchoupan/eclipse-workspace/HelloWorldJavaEE/Tomcat/endorsed
20-May-2021 00:34:50.712 INFO [main] org.apache.catalina.startup.VersionLoggerListener.log Command line argument: -Dcatalina.base=C:/Users/pushkarjayantchoupan/eclipse-workspace/HelloWorldJavaEE/Tomcat
20-May-2021 00:34:50.712 INFO [main] org.apache.catalina.startup.VersionLoggerListener.log Command line argument: -Dcatalina.home=C:/Users/pushkarjayantchoupan/eclipse-workspace/HelloWorldJavaEE/Tomcat
20-May-2021 00:34:50.712 INFO [main] org.apache.catalina.startup.VersionLoggerListener.log Command line argument: -Djava.io.tmpdir=C:/Users/pushkarjayantchoupan/eclipse-workspace/HelloWorldJavaEE/Tomcat/temp
20-May-2021 00:34:50.784 INFO [main] org.apache.coyote.AbstractProtocol.init Initializing ProtocolHandler ["http-nio-8080"]
20-May-2021 00:34:51.070 INFO [main] org.apache.tomcat.util.net.NioSelectorPool.getSharedSelector Using a shared selector for servlet write/read
20-May-2021 00:34:51.072 INFO [main] org.apache.coyote.AbstractProtocol.init Initializing ProtocolHandler ["ajp-nio-8009"]
20-May-2021 00:34:51.074 INFO [main] org.apache.tomcat.util.net.NioSelectorPool.getSharedSelector Using a shared selector for servlet write/read
20-May-2021 00:34:51.075 INFO [main] org.apache.catalina.startup.Catalina.load Initialization processed in 618 ms
20-May-2021 00:34:51.092 INFO [main] org.apache.catalina.core.StandardService.startInternal Starting service Catalina
20-May-2021 00:34:51.092 INFO [main] org.apache.catalina.core.StandardEngine.startInternal Starting Servlet Engine: Apache Tomcat/8.0.36
20-May-2021 00:34:51.102 INFO [localhost-startStop-1] org.apache.catalina.startup.HostConfig.deployDescriptor Deploying configuration descriptor C:\Users\pushkarjayantchoupan\eclipse-workspace\HelloWorldJavaEE\Tomcat\conf\Catalina\localhost\deployment.xml
20-May-2021 00:34:51.454 INFO [localhost-startStop-1] org.apache.catalina.startup.HostConfig.deployDescriptor Deployment of configuration descriptor C:\Users\pushkarjayantchoupan\eclipse-workspace\HelloWorldJavaEE\Tomcat\conf\Catalina\localhost\deployment.xml has finished in 352 ms
20-May-2021 00:34:51.455 INFO [localhost-startStop-1] org.apache.catalina.startup.HostConfig.deployDirectory Deploying web application directory C:\Users\pushkarjayantchoupan\eclipse-workspace\HelloWorldJavaEE\Tomcat\webapps\docs
20-May-2021 00:34:51.474 INFO [localhost-startStop-1] org.apache.catalina.startup.HostConfig.deployDirectory Deployment of web application directory C:\Users\pushkarjayantchoupan\eclipse-workspace\HelloWorldJavaEE\Tomcat\webapps\docs has finished in 19 ms
20-May-2021 00:34:51.474 INFO [localhost-startStop-1] org.apache.catalina.startup.HostConfig.deployDirectory Deploying web application directory C:\Users\pushkarjayantchoupan\eclipse-workspace\HelloWorldJavaEE\Tomcat\webapps\examples
20-May-2021 00:34:51.794 INFO [localhost-startStop-1] org.apache.catalina.startup.HostConfig.deployDirectory Deployment of web application directory C:\Users\pushkarjayantchoupan\eclipse-workspace\HelloWorldJavaEE\Tomcat\webapps\examples has finished in 320 ms
20-May-2021 00:34:51.795 INFO [localhost-startStop-1] org.apache.catalina.startup.HostConfig.deployDirectory Deploying web application directory C:\Users\pushkarjayantchoupan\eclipse-workspace\HelloWorldJavaEE\Tomcat\webapps\host-manager
20-May-2021 00:34:51.821 INFO [localhost-startStop-1] org.apache.catalina.startup.HostConfig.deployDirectory Deployment of web application directory C:\Users\pushkarjayantchoupan\eclipse-workspace\HelloWorldJavaEE\Tomcat\webapps\host-manager has finished in 26 ms
20-May-2021 00:34:51.821 INFO [localhost-startStop-1] org.apache.catalina.startup.HostConfig.deployDirectory Deploying web application directory C:\Users\pushkarjayantchoupan\eclipse-workspace\HelloWorldJavaEE\Tomcat\webapps\manager
20-May-2021 00:34:51.846 INFO [localhost-startStop-1] org.apache.catalina.startup.HostConfig.deployDirectory Deployment of web application directory C:\Users\pushkarjayantchoupan\eclipse-workspace\HelloWorldJavaEE\Tomcat\webapps\manager has finished in 25 ms
20-May-2021 00:34:51.846 INFO [localhost-startStop-1] org.apache.catalina.startup.HostConfig.deployDirectory Deploying web application directory C:\Users\pushkarjayantchoupan\eclipse-workspace\HelloWorldJavaEE\Tomcat\webapps\ROOT
20-May-2021 00:34:51.867 INFO [localhost-startStop-1] org.apache.catalina.startup.HostConfig.deployDirectory Deployment of web application directory C:\Users\pushkarjayantchoupan\eclipse-workspace\HelloWorldJavaEE\Tomcat\webapps\ROOT has finished in 21 ms
20-May-2021 00:34:51.869 INFO [main] org.apache.coyote.AbstractProtocol.start Starting ProtocolHandler ["http-nio-8080"]
20-May-2021 00:34:51.875 INFO [main] org.apache.coyote.AbstractProtocol.start Starting ProtocolHandler ["ajp-nio-8009"]
20-May-2021 00:34:51.876 INFO [main] org.apache.catalina.startup.Catalina.start Server startup in 800 ms
20-May-2021 00:37:33.102 WARNING [main] org.apache.catalina.core.AprLifecycleListener.init The APR based Apache Tomcat Native library failed to load. The error reported was [C:\Users\pushkarjayantchoupan\eclipse-workspace\HelloWorldJavaEE\Tomcat\bin\tcnative-1.dll: Can't load IA 32-bit .dll on a AMD 64-bit platform]
 java.lang.UnsatisfiedLinkError: C:\Users\pushkarjayantchoupan\eclipse-workspace\HelloWorldJavaEE\Tomcat\bin\tcnative-1.dll: Can't load IA 32-bit .dll on a AMD 64-bit platform
	at java.lang.ClassLoader$NativeLibrary.load(Native Method)
	at java.lang.ClassLoader.loadLibrary0(ClassLoader.java:1934)
	at java.lang.ClassLoader.loadLibrary(ClassLoader.java:1850)
	at java.lang.Runtime.loadLibrary0(Runtime.java:871)
	at java.lang.System.loadLibrary(System.java:1124)
	at org.apache.tomcat.jni.Library.<init>(Library.java:42)
	at org.apache.tomcat.jni.Library.initialize(Library.java:178)
	at org.apache.catalina.core.AprLifecycleListener.init(AprLifecycleListener.java:197)
	at org.apache.catalina.core.AprLifecycleListener.isAprAvailable(AprLifecycleListener.java:106)
	at org.apache.catalina.connector.Connector.setProtocol(Connector.java:564)
	at org.apache.catalina.connector.Connector.<init>(Connector.java:66)
	at org.apache.catalina.startup.ConnectorCreateRule.begin(ConnectorCreateRule.java:62)
	at org.apache.tomcat.util.digester.Digester.startElement(Digester.java:1178)
	at com.sun.org.apache.xerces.internal.parsers.AbstractSAXParser.startElement(AbstractSAXParser.java:509)
	at com.sun.org.apache.xerces.internal.parsers.AbstractXMLDocumentParser.emptyElement(AbstractXMLDocumentParser.java:182)
	at com.sun.org.apache.xerces.internal.impl.XMLDocumentFragmentScannerImpl.scanStartElement(XMLDocumentFragmentScannerImpl.java:1339)
	at com.sun.org.apache.xerces.internal.impl.XMLDocumentFragmentScannerImpl$FragmentContentDriver.next(XMLDocumentFragmentScannerImpl.java:2784)
	at com.sun.org.apache.xerces.internal.impl.XMLDocumentScannerImpl.next(XMLDocumentScannerImpl.java:602)
	at com.sun.org.apache.xerces.internal.impl.XMLDocumentFragmentScannerImpl.scanDocument(XMLDocumentFragmentScannerImpl.java:505)
	at com.sun.org.apache.xerces.internal.parsers.XML11Configuration.parse(XML11Configuration.java:842)
	at com.sun.org.apache.xerces.internal.parsers.XML11Configuration.parse(XML11Configuration.java:771)
	at com.sun.org.apache.xerces.internal.parsers.XMLParser.parse(XMLParser.java:141)
	at com.sun.org.apache.xerces.internal.parsers.AbstractSAXParser.parse(AbstractSAXParser.java:1213)
	at com.sun.org.apache.xerces.internal.jaxp.SAXParserImpl$JAXPSAXParser.parse(SAXParserImpl.java:643)
	at org.apache.tomcat.util.digester.Digester.parse(Digester.java:1451)
	at org.apache.catalina.startup.Catalina.load(Catalina.java:552)
	at org.apache.catalina.startup.Catalina.load(Catalina.java:603)
	at sun.reflect.NativeMethodAccessorImpl.invoke0(Native Method)
	at sun.reflect.NativeMethodAccessorImpl.invoke(NativeMethodAccessorImpl.java:62)
	at sun.reflect.DelegatingMethodAccessorImpl.invoke(DelegatingMethodAccessorImpl.java:43)
	at java.lang.reflect.Method.invoke(Method.java:498)
	at org.apache.catalina.startup.Bootstrap.load(Bootstrap.java:310)
	at org.apache.catalina.startup.Bootstrap.main(Bootstrap.java:484)

20-May-2021 00:37:33.156 INFO [main] org.apache.catalina.startup.VersionLoggerListener.log Server version:        Apache Tomcat/8.0.36
20-May-2021 00:37:33.156 INFO [main] org.apache.catalina.startup.VersionLoggerListener.log Server built:          Jun 9 2016 13:55:50 UTC
20-May-2021 00:37:33.157 INFO [main] org.apache.catalina.startup.VersionLoggerListener.log Server number:         8.0.36.0
20-May-2021 00:37:33.157 INFO [main] org.apache.catalina.startup.VersionLoggerListener.log OS Name:               Windows 10
20-May-2021 00:37:33.158 INFO [main] org.apache.catalina.startup.VersionLoggerListener.log OS Version:            10.0
20-May-2021 00:37:33.159 INFO [main] org.apache.catalina.startup.VersionLoggerListener.log Architecture:          amd64
20-May-2021 00:37:33.159 INFO [main] org.apache.catalina.startup.VersionLoggerListener.log Java Home:             C:\Program Files\AdoptOpenJDK\jdk-8.0.272.10-hotspot\jre
20-May-2021 00:37:33.159 INFO [main] org.apache.catalina.startup.VersionLoggerListener.log JVM Version:           1.8.0_272-b10
20-May-2021 00:37:33.160 INFO [main] org.apache.catalina.startup.VersionLoggerListener.log JVM Vendor:            AdoptOpenJDK
20-May-2021 00:37:33.160 INFO [main] org.apache.catalina.startup.VersionLoggerListener.log CATALINA_BASE:         C:\Users\pushkarjayantchoupan\eclipse-workspace\HelloWorldJavaEE\Tomcat
20-May-2021 00:37:33.160 INFO [main] org.apache.catalina.startup.VersionLoggerListener.log CATALINA_HOME:         C:\Users\pushkarjayantchoupan\eclipse-workspace\HelloWorldJavaEE\Tomcat
20-May-2021 00:37:33.161 INFO [main] org.apache.catalina.startup.VersionLoggerListener.log Command line argument: -Djava.util.logging.config.file=C:/Users/pushkarjayantchoupan/eclipse-workspace/HelloWorldJavaEE/Tomcat/conf/logging.properties
20-May-2021 00:37:33.161 INFO [main] org.apache.catalina.startup.VersionLoggerListener.log Command line argument: -Djava.util.logging.manager=org.apache.juli.ClassLoaderLogManager
20-May-2021 00:37:33.161 INFO [main] org.apache.catalina.startup.VersionLoggerListener.log Command line argument: -Djdk.tls.ephemeralDHKeySize=2048
20-May-2021 00:37:33.162 INFO [main] org.apache.catalina.startup.VersionLoggerListener.log Command line argument: -Djava.endorsed.dirs=C:/Users/pushkarjayantchoupan/eclipse-workspace/HelloWorldJavaEE/Tomcat/endorsed
20-May-2021 00:37:33.162 INFO [main] org.apache.catalina.startup.VersionLoggerListener.log Command line argument: -Dcatalina.base=C:/Users/pushkarjayantchoupan/eclipse-workspace/HelloWorldJavaEE/Tomcat
20-May-2021 00:37:33.162 INFO [main] org.apache.catalina.startup.VersionLoggerListener.log Command line argument: -Dcatalina.home=C:/Users/pushkarjayantchoupan/eclipse-workspace/HelloWorldJavaEE/Tomcat
20-May-2021 00:37:33.163 INFO [main] org.apache.catalina.startup.VersionLoggerListener.log Command line argument: -Djava.io.tmpdir=C:/Users/pushkarjayantchoupan/eclipse-workspace/HelloWorldJavaEE/Tomcat/temp
20-May-2021 00:37:33.233 INFO [main] org.apache.coyote.AbstractProtocol.init Initializing ProtocolHandler ["http-nio-8080"]
20-May-2021 00:37:33.507 INFO [main] org.apache.tomcat.util.net.NioSelectorPool.getSharedSelector Using a shared selector for servlet write/read
20-May-2021 00:37:33.509 INFO [main] org.apache.coyote.AbstractProtocol.init Initializing ProtocolHandler ["ajp-nio-8009"]
20-May-2021 00:37:33.511 INFO [main] org.apache.tomcat.util.net.NioSelectorPool.getSharedSelector Using a shared selector for servlet write/read
20-May-2021 00:37:33.511 INFO [main] org.apache.catalina.startup.Catalina.load Initialization processed in 598 ms
20-May-2021 00:37:33.529 INFO [main] org.apache.catalina.core.StandardService.startInternal Starting service Catalina
20-May-2021 00:37:33.529 INFO [main] org.apache.catalina.core.StandardEngine.startInternal Starting Servlet Engine: Apache Tomcat/8.0.36
20-May-2021 00:37:33.539 INFO [localhost-startStop-1] org.apache.catalina.startup.HostConfig.deployDescriptor Deploying configuration descriptor C:\Users\pushkarjayantchoupan\eclipse-workspace\HelloWorldJavaEE\Tomcat\conf\Catalina\localhost\deployment.xml
20-May-2021 00:37:33.889 INFO [localhost-startStop-1] org.apache.catalina.startup.HostConfig.deployDescriptor Deployment of configuration descriptor C:\Users\pushkarjayantchoupan\eclipse-workspace\HelloWorldJavaEE\Tomcat\conf\Catalina\localhost\deployment.xml has finished in 349 ms
20-May-2021 00:37:33.889 INFO [localhost-startStop-1] org.apache.catalina.startup.HostConfig.deployDirectory Deploying web application directory C:\Users\pushkarjayantchoupan\eclipse-workspace\HelloWorldJavaEE\Tomcat\webapps\docs
20-May-2021 00:37:33.908 INFO [localhost-startStop-1] org.apache.catalina.startup.HostConfig.deployDirectory Deployment of web application directory C:\Users\pushkarjayantchoupan\eclipse-workspace\HelloWorldJavaEE\Tomcat\webapps\docs has finished in 19 ms
20-May-2021 00:37:33.908 INFO [localhost-startStop-1] org.apache.catalina.startup.HostConfig.deployDirectory Deploying web application directory C:\Users\pushkarjayantchoupan\eclipse-workspace\HelloWorldJavaEE\Tomcat\webapps\examples
20-May-2021 00:37:34.231 INFO [localhost-startStop-1] org.apache.catalina.startup.HostConfig.deployDirectory Deployment of web application directory C:\Users\pushkarjayantchoupan\eclipse-workspace\HelloWorldJavaEE\Tomcat\webapps\examples has finished in 323 ms
20-May-2021 00:37:34.231 INFO [localhost-startStop-1] org.apache.catalina.startup.HostConfig.deployDirectory Deploying web application directory C:\Users\pushkarjayantchoupan\eclipse-workspace\HelloWorldJavaEE\Tomcat\webapps\host-manager
20-May-2021 00:37:34.257 INFO [localhost-startStop-1] org.apache.catalina.startup.HostConfig.deployDirectory Deployment of web application directory C:\Users\pushkarjayantchoupan\eclipse-workspace\HelloWorldJavaEE\Tomcat\webapps\host-manager has finished in 26 ms
20-May-2021 00:37:34.257 INFO [localhost-startStop-1] org.apache.catalina.startup.HostConfig.deployDirectory Deploying web application directory C:\Users\pushkarjayantchoupan\eclipse-workspace\HelloWorldJavaEE\Tomcat\webapps\manager
20-May-2021 00:37:34.283 INFO [localhost-startStop-1] org.apache.catalina.startup.HostConfig.deployDirectory Deployment of web application directory C:\Users\pushkarjayantchoupan\eclipse-workspace\HelloWorldJavaEE\Tomcat\webapps\manager has finished in 26 ms
20-May-2021 00:37:34.283 INFO [localhost-startStop-1] org.apache.catalina.startup.HostConfig.deployDirectory Deploying web application directory C:\Users\pushkarjayantchoupan\eclipse-workspace\HelloWorldJavaEE\Tomcat\webapps\ROOT
20-May-2021 00:37:34.303 INFO [localhost-startStop-1] org.apache.catalina.startup.HostConfig.deployDirectory Deployment of web application directory C:\Users\pushkarjayantchoupan\eclipse-workspace\HelloWorldJavaEE\Tomcat\webapps\ROOT has finished in 20 ms
20-May-2021 00:37:34.305 INFO [main] org.apache.coyote.AbstractProtocol.start Starting ProtocolHandler ["http-nio-8080"]
20-May-2021 00:37:34.310 INFO [main] org.apache.coyote.AbstractProtocol.start Starting ProtocolHandler ["ajp-nio-8009"]
20-May-2021 00:37:34.311 INFO [main] org.apache.catalina.startup.Catalina.start Server startup in 799 ms
