19-May-2021 16:31:22.152 WARNING [main] org.apache.catalina.core.AprLifecycleListener.init The APR based Apache Tomcat Native library failed to load. The error reported was [C:\Users\pushkarjayantchoupan\eclipse-workspace\HelloWorldJavaEE\Tomcat\bin\tcnative-1.dll: Can't load IA 32-bit .dll on a AMD 64-bit platform]
 java.lang.UnsatisfiedLinkError: C:\Users\pushkarjayantchoupan\eclipse-workspace\HelloWorldJavaEE\Tomcat\bin\tcnative-1.dll: Can't load IA 32-bit .dll on a AMD 64-bit platform
	at java.lang.ClassLoader$NativeLibrary.load(Native Method)
	at java.lang.ClassLoader.loadLibrary0(ClassLoader.java:1934)
	at java.lang.ClassLoader.loadLibrary(ClassLoader.java:1850)
	at java.lang.Runtime.loadLibrary0(Runtime.java:871)
	at java.lang.System.loadLibrary(System.java:1124)
	at org.apache.tomcat.jni.Library.<init>(Library.java:42)
	at org.apache.tomcat.jni.Library.initialize(Library.java:178)
	at org.apache.catalina.core.AprLifecycleListener.init(AprLifecycleListener.java:197)
	at org.apache.catalina.core.AprLifecycleListener.isAprAvailable(AprLifecycleListener.java:106)
	at org.apache.catalina.connector.Connector.setProtocol(Connector.java:564)
	at org.apache.catalina.connector.Connector.<init>(Connector.java:66)
	at org.apache.catalina.startup.ConnectorCreateRule.begin(ConnectorCreateRule.java:62)
	at org.apache.tomcat.util.digester.Digester.startElement(Digester.java:1178)
	at com.sun.org.apache.xerces.internal.parsers.AbstractSAXParser.startElement(AbstractSAXParser.java:509)
	at com.sun.org.apache.xerces.internal.parsers.AbstractXMLDocumentParser.emptyElement(AbstractXMLDocumentParser.java:182)
	at com.sun.org.apache.xerces.internal.impl.XMLDocumentFragmentScannerImpl.scanStartElement(XMLDocumentFragmentScannerImpl.java:1339)
	at com.sun.org.apache.xerces.internal.impl.XMLDocumentFragmentScannerImpl$FragmentContentDriver.next(XMLDocumentFragmentScannerImpl.java:2784)
	at com.sun.org.apache.xerces.internal.impl.XMLDocumentScannerImpl.next(XMLDocumentScannerImpl.java:602)
	at com.sun.org.apache.xerces.internal.impl.XMLDocumentFragmentScannerImpl.scanDocument(XMLDocumentFragmentScannerImpl.java:505)
	at com.sun.org.apache.xerces.internal.parsers.XML11Configuration.parse(XML11Configuration.java:842)
	at com.sun.org.apache.xerces.internal.parsers.XML11Configuration.parse(XML11Configuration.java:771)
	at com.sun.org.apache.xerces.internal.parsers.XMLParser.parse(XMLParser.java:141)
	at com.sun.org.apache.xerces.internal.parsers.AbstractSAXParser.parse(AbstractSAXParser.java:1213)
	at com.sun.org.apache.xerces.internal.jaxp.SAXParserImpl$JAXPSAXParser.parse(SAXParserImpl.java:643)
	at org.apache.tomcat.util.digester.Digester.parse(Digester.java:1451)
	at org.apache.catalina.startup.Catalina.load(Catalina.java:552)
	at org.apache.catalina.startup.Catalina.load(Catalina.java:603)
	at sun.reflect.NativeMethodAccessorImpl.invoke0(Native Method)
	at sun.reflect.NativeMethodAccessorImpl.invoke(NativeMethodAccessorImpl.java:62)
	at sun.reflect.DelegatingMethodAccessorImpl.invoke(DelegatingMethodAccessorImpl.java:43)
	at java.lang.reflect.Method.invoke(Method.java:498)
	at org.apache.catalina.startup.Bootstrap.load(Bootstrap.java:310)
	at org.apache.catalina.startup.Bootstrap.main(Bootstrap.java:484)

19-May-2021 16:31:22.240 INFO [main] org.apache.catalina.startup.VersionLoggerListener.log Server version:        Apache Tomcat/8.0.36
19-May-2021 16:31:22.240 INFO [main] org.apache.catalina.startup.VersionLoggerListener.log Server built:          Jun 9 2016 13:55:50 UTC
19-May-2021 16:31:22.241 INFO [main] org.apache.catalina.startup.VersionLoggerListener.log Server number:         8.0.36.0
19-May-2021 16:31:22.245 INFO [main] org.apache.catalina.startup.VersionLoggerListener.log OS Name:               Windows 10
19-May-2021 16:31:22.246 INFO [main] org.apache.catalina.startup.VersionLoggerListener.log OS Version:            10.0
19-May-2021 16:31:22.247 INFO [main] org.apache.catalina.startup.VersionLoggerListener.log Architecture:          amd64
19-May-2021 16:31:22.247 INFO [main] org.apache.catalina.startup.VersionLoggerListener.log Java Home:             C:\Program Files\AdoptOpenJDK\jdk-8.0.272.10-hotspot\jre
19-May-2021 16:31:22.248 INFO [main] org.apache.catalina.startup.VersionLoggerListener.log JVM Version:           1.8.0_272-b10
19-May-2021 16:31:22.249 INFO [main] org.apache.catalina.startup.VersionLoggerListener.log JVM Vendor:            AdoptOpenJDK
19-May-2021 16:31:22.249 INFO [main] org.apache.catalina.startup.VersionLoggerListener.log CATALINA_BASE:         C:\Users\pushkarjayantchoupan\eclipse-workspace\HelloWorldJavaEE\Tomcat
19-May-2021 16:31:22.250 INFO [main] org.apache.catalina.startup.VersionLoggerListener.log CATALINA_HOME:         C:\Users\pushkarjayantchoupan\eclipse-workspace\HelloWorldJavaEE\Tomcat
19-May-2021 16:31:22.250 INFO [main] org.apache.catalina.startup.VersionLoggerListener.log Command line argument: -Djava.util.logging.config.file=C:/Users/pushkarjayantchoupan/eclipse-workspace/HelloWorldJavaEE/Tomcat/conf/logging.properties
19-May-2021 16:31:22.251 INFO [main] org.apache.catalina.startup.VersionLoggerListener.log Command line argument: -Djava.util.logging.manager=org.apache.juli.ClassLoaderLogManager
19-May-2021 16:31:22.252 INFO [main] org.apache.catalina.startup.VersionLoggerListener.log Command line argument: -Djdk.tls.ephemeralDHKeySize=2048
19-May-2021 16:31:22.253 INFO [main] org.apache.catalina.startup.VersionLoggerListener.log Command line argument: -Djava.endorsed.dirs=C:/Users/pushkarjayantchoupan/eclipse-workspace/HelloWorldJavaEE/Tomcat/endorsed
19-May-2021 16:31:22.253 INFO [main] org.apache.catalina.startup.VersionLoggerListener.log Command line argument: -Dcatalina.base=C:/Users/pushkarjayantchoupan/eclipse-workspace/HelloWorldJavaEE/Tomcat
19-May-2021 16:31:22.254 INFO [main] org.apache.catalina.startup.VersionLoggerListener.log Command line argument: -Dcatalina.home=C:/Users/pushkarjayantchoupan/eclipse-workspace/HelloWorldJavaEE/Tomcat
19-May-2021 16:31:22.254 INFO [main] org.apache.catalina.startup.VersionLoggerListener.log Command line argument: -Djava.io.tmpdir=C:/Users/pushkarjayantchoupan/eclipse-workspace/HelloWorldJavaEE/Tomcat/temp
19-May-2021 16:31:22.355 INFO [main] org.apache.coyote.AbstractProtocol.init Initializing ProtocolHandler ["http-nio-8080"]
19-May-2021 16:31:22.850 INFO [main] org.apache.tomcat.util.net.NioSelectorPool.getSharedSelector Using a shared selector for servlet write/read
19-May-2021 16:31:22.854 INFO [main] org.apache.coyote.AbstractProtocol.init Initializing ProtocolHandler ["ajp-nio-8009"]
19-May-2021 16:31:22.857 INFO [main] org.apache.tomcat.util.net.NioSelectorPool.getSharedSelector Using a shared selector for servlet write/read
19-May-2021 16:31:22.857 INFO [main] org.apache.catalina.startup.Catalina.load Initialization processed in 1478 ms
19-May-2021 16:31:22.886 INFO [main] org.apache.catalina.core.StandardService.startInternal Starting service Catalina
19-May-2021 16:31:22.887 INFO [main] org.apache.catalina.core.StandardEngine.startInternal Starting Servlet Engine: Apache Tomcat/8.0.36
19-May-2021 16:31:22.914 INFO [localhost-startStop-1] org.apache.catalina.startup.HostConfig.deployWAR Deploying web application archive C:\Users\pushkarjayantchoupan\eclipse-workspace\HelloWorldJavaEE\Tomcat\webapps\app.war
19-May-2021 16:31:23.582 INFO [localhost-startStop-1] org.apache.catalina.startup.HostConfig.deployWAR Deployment of web application archive C:\Users\pushkarjayantchoupan\eclipse-workspace\HelloWorldJavaEE\Tomcat\webapps\app.war has finished in 667 ms
19-May-2021 16:31:23.583 INFO [localhost-startStop-1] org.apache.catalina.startup.HostConfig.deployDirectory Deploying web application directory C:\Users\pushkarjayantchoupan\eclipse-workspace\HelloWorldJavaEE\Tomcat\webapps\docs
19-May-2021 16:31:23.618 INFO [localhost-startStop-1] org.apache.catalina.startup.HostConfig.deployDirectory Deployment of web application directory C:\Users\pushkarjayantchoupan\eclipse-workspace\HelloWorldJavaEE\Tomcat\webapps\docs has finished in 35 ms
19-May-2021 16:31:23.619 INFO [localhost-startStop-1] org.apache.catalina.startup.HostConfig.deployDirectory Deploying web application directory C:\Users\pushkarjayantchoupan\eclipse-workspace\HelloWorldJavaEE\Tomcat\webapps\examples
19-May-2021 16:31:24.182 INFO [localhost-startStop-1] org.apache.catalina.startup.HostConfig.deployDirectory Deployment of web application directory C:\Users\pushkarjayantchoupan\eclipse-workspace\HelloWorldJavaEE\Tomcat\webapps\examples has finished in 563 ms
19-May-2021 16:31:24.182 INFO [localhost-startStop-1] org.apache.catalina.startup.HostConfig.deployDirectory Deploying web application directory C:\Users\pushkarjayantchoupan\eclipse-workspace\HelloWorldJavaEE\Tomcat\webapps\host-manager
19-May-2021 16:31:24.236 INFO [localhost-startStop-1] org.apache.catalina.startup.HostConfig.deployDirectory Deployment of web application directory C:\Users\pushkarjayantchoupan\eclipse-workspace\HelloWorldJavaEE\Tomcat\webapps\host-manager has finished in 54 ms
19-May-2021 16:31:24.237 INFO [localhost-startStop-1] org.apache.catalina.startup.HostConfig.deployDirectory Deploying web application directory C:\Users\pushkarjayantchoupan\eclipse-workspace\HelloWorldJavaEE\Tomcat\webapps\manager
19-May-2021 16:31:24.300 INFO [localhost-startStop-1] org.apache.catalina.startup.HostConfig.deployDirectory Deployment of web application directory C:\Users\pushkarjayantchoupan\eclipse-workspace\HelloWorldJavaEE\Tomcat\webapps\manager has finished in 63 ms
19-May-2021 16:31:24.300 INFO [localhost-startStop-1] org.apache.catalina.startup.HostConfig.deployDirectory Deploying web application directory C:\Users\pushkarjayantchoupan\eclipse-workspace\HelloWorldJavaEE\Tomcat\webapps\ROOT
19-May-2021 16:31:24.336 INFO [localhost-startStop-1] org.apache.catalina.startup.HostConfig.deployDirectory Deployment of web application directory C:\Users\pushkarjayantchoupan\eclipse-workspace\HelloWorldJavaEE\Tomcat\webapps\ROOT has finished in 36 ms
19-May-2021 16:31:24.340 INFO [main] org.apache.coyote.AbstractProtocol.start Starting ProtocolHandler ["http-nio-8080"]
19-May-2021 16:31:24.355 INFO [main] org.apache.coyote.AbstractProtocol.start Starting ProtocolHandler ["ajp-nio-8009"]
19-May-2021 16:31:24.358 INFO [main] org.apache.catalina.startup.Catalina.start Server startup in 1500 ms
19-May-2021 16:33:24.523 INFO [localhost-startStop-2] org.apache.catalina.startup.HostConfig.deployDescriptor Deploying configuration descriptor C:\Users\pushkarjayantchoupan\eclipse-workspace\HelloWorldJavaEE\Tomcat\conf\Catalina\localhost\deployment.xml
19-May-2021 16:33:24.529 SEVERE [localhost-startStop-2] org.apache.tomcat.util.digester.Digester.fatalError Parse Fatal Error at line 1 column 1: Premature end of file.
 org.xml.sax.SAXParseException; lineNumber: 1; columnNumber: 1; Premature end of file.
	at com.sun.org.apache.xerces.internal.util.ErrorHandlerWrapper.createSAXParseException(ErrorHandlerWrapper.java:203)
	at com.sun.org.apache.xerces.internal.util.ErrorHandlerWrapper.fatalError(ErrorHandlerWrapper.java:177)
	at com.sun.org.apache.xerces.internal.impl.XMLErrorReporter.reportError(XMLErrorReporter.java:400)
	at com.sun.org.apache.xerces.internal.impl.XMLErrorReporter.reportError(XMLErrorReporter.java:327)
	at com.sun.org.apache.xerces.internal.impl.XMLScanner.reportFatalError(XMLScanner.java:1473)
	at com.sun.org.apache.xerces.internal.impl.XMLDocumentScannerImpl$PrologDriver.next(XMLDocumentScannerImpl.java:1014)
	at com.sun.org.apache.xerces.internal.impl.XMLDocumentScannerImpl.next(XMLDocumentScannerImpl.java:602)
	at com.sun.org.apache.xerces.internal.impl.XMLDocumentFragmentScannerImpl.scanDocument(XMLDocumentFragmentScannerImpl.java:505)
	at com.sun.org.apache.xerces.internal.parsers.XML11Configuration.parse(XML11Configuration.java:842)
	at com.sun.org.apache.xerces.internal.parsers.XML11Configuration.parse(XML11Configuration.java:771)
	at com.sun.org.apache.xerces.internal.parsers.XMLParser.parse(XMLParser.java:141)
	at com.sun.org.apache.xerces.internal.parsers.AbstractSAXParser.parse(AbstractSAXParser.java:1213)
	at com.sun.org.apache.xerces.internal.jaxp.SAXParserImpl$JAXPSAXParser.parse(SAXParserImpl.java:643)
	at org.apache.tomcat.util.digester.Digester.parse(Digester.java:1470)
	at org.apache.catalina.startup.HostConfig.deployDescriptor(HostConfig.java:539)
	at org.apache.catalina.startup.HostConfig$DeployDescriptor.run(HostConfig.java:1798)
	at java.util.concurrent.Executors$RunnableAdapter.call(Executors.java:511)
	at java.util.concurrent.FutureTask.run(FutureTask.java:266)
	at java.util.concurrent.ThreadPoolExecutor.runWorker(ThreadPoolExecutor.java:1149)
	at java.util.concurrent.ThreadPoolExecutor$Worker.run(ThreadPoolExecutor.java:624)
	at java.lang.Thread.run(Thread.java:748)

19-May-2021 16:33:24.530 SEVERE [localhost-startStop-2] org.apache.catalina.startup.HostConfig.deployDescriptor Error deploying configuration descriptor C:\Users\pushkarjayantchoupan\eclipse-workspace\HelloWorldJavaEE\Tomcat\conf\Catalina\localhost\deployment.xml
 org.xml.sax.SAXParseException; lineNumber: 1; columnNumber: 1; Premature end of file.
	at com.sun.org.apache.xerces.internal.parsers.AbstractSAXParser.parse(AbstractSAXParser.java:1239)
	at com.sun.org.apache.xerces.internal.jaxp.SAXParserImpl$JAXPSAXParser.parse(SAXParserImpl.java:643)
	at org.apache.tomcat.util.digester.Digester.parse(Digester.java:1470)
	at org.apache.catalina.startup.HostConfig.deployDescriptor(HostConfig.java:539)
	at org.apache.catalina.startup.HostConfig$DeployDescriptor.run(HostConfig.java:1798)
	at java.util.concurrent.Executors$RunnableAdapter.call(Executors.java:511)
	at java.util.concurrent.FutureTask.run(FutureTask.java:266)
	at java.util.concurrent.ThreadPoolExecutor.runWorker(ThreadPoolExecutor.java:1149)
	at java.util.concurrent.ThreadPoolExecutor$Worker.run(ThreadPoolExecutor.java:624)
	at java.lang.Thread.run(Thread.java:748)

19-May-2021 16:33:24.538 SEVERE [localhost-startStop-2] org.apache.tomcat.util.digester.Digester.fatalError Parse Fatal Error at line 1 column 1: Premature end of file.
 org.xml.sax.SAXParseException; systemId: file:/C:/Users/pushkarjayantchoupan/eclipse-workspace/HelloWorldJavaEE/Tomcat/conf/Catalina/localhost/deployment.xml; lineNumber: 1; columnNumber: 1; Premature end of file.
	at com.sun.org.apache.xerces.internal.util.ErrorHandlerWrapper.createSAXParseException(ErrorHandlerWrapper.java:203)
	at com.sun.org.apache.xerces.internal.util.ErrorHandlerWrapper.fatalError(ErrorHandlerWrapper.java:177)
	at com.sun.org.apache.xerces.internal.impl.XMLErrorReporter.reportError(XMLErrorReporter.java:400)
	at com.sun.org.apache.xerces.internal.impl.XMLErrorReporter.reportError(XMLErrorReporter.java:327)
	at com.sun.org.apache.xerces.internal.impl.XMLScanner.reportFatalError(XMLScanner.java:1473)
	at com.sun.org.apache.xerces.internal.impl.XMLDocumentScannerImpl$PrologDriver.next(XMLDocumentScannerImpl.java:1014)
	at com.sun.org.apache.xerces.internal.impl.XMLDocumentScannerImpl.next(XMLDocumentScannerImpl.java:602)
	at com.sun.org.apache.xerces.internal.impl.XMLDocumentFragmentScannerImpl.scanDocument(XMLDocumentFragmentScannerImpl.java:505)
	at com.sun.org.apache.xerces.internal.parsers.XML11Configuration.parse(XML11Configuration.java:842)
	at com.sun.org.apache.xerces.internal.parsers.XML11Configuration.parse(XML11Configuration.java:771)
	at com.sun.org.apache.xerces.internal.parsers.XMLParser.parse(XMLParser.java:141)
	at com.sun.org.apache.xerces.internal.parsers.AbstractSAXParser.parse(AbstractSAXParser.java:1213)
	at com.sun.org.apache.xerces.internal.jaxp.SAXParserImpl$JAXPSAXParser.parse(SAXParserImpl.java:643)
	at org.apache.tomcat.util.digester.Digester.parse(Digester.java:1451)
	at org.apache.catalina.startup.ContextConfig.processContextConfig(ContextConfig.java:542)
	at org.apache.catalina.startup.ContextConfig.contextConfig(ContextConfig.java:501)
	at org.apache.catalina.startup.ContextConfig.init(ContextConfig.java:739)
	at org.apache.catalina.startup.ContextConfig.lifecycleEvent(ContextConfig.java:317)
	at org.apache.catalina.util.LifecycleSupport.fireLifecycleEvent(LifecycleSupport.java:95)
	at org.apache.catalina.util.LifecycleBase.fireLifecycleEvent(LifecycleBase.java:90)
	at org.apache.catalina.util.LifecycleBase.setStateInternal(LifecycleBase.java:394)
	at org.apache.catalina.util.LifecycleBase.init(LifecycleBase.java:110)
	at org.apache.catalina.util.LifecycleBase.start(LifecycleBase.java:136)
	at org.apache.catalina.core.ContainerBase.addChildInternal(ContainerBase.java:725)
	at org.apache.catalina.core.ContainerBase.addChild(ContainerBase.java:701)
	at org.apache.catalina.core.StandardHost.addChild(StandardHost.java:717)
	at org.apache.catalina.startup.HostConfig.deployDescriptor(HostConfig.java:587)
	at org.apache.catalina.startup.HostConfig$DeployDescriptor.run(HostConfig.java:1798)
	at java.util.concurrent.Executors$RunnableAdapter.call(Executors.java:511)
	at java.util.concurrent.FutureTask.run(FutureTask.java:266)
	at java.util.concurrent.ThreadPoolExecutor.runWorker(ThreadPoolExecutor.java:1149)
	at java.util.concurrent.ThreadPoolExecutor$Worker.run(ThreadPoolExecutor.java:624)
	at java.lang.Thread.run(Thread.java:748)

19-May-2021 16:33:24.539 SEVERE [localhost-startStop-2] org.apache.catalina.startup.ContextConfig.processContextConfig Parse error in context.xml for /deployment
 org.xml.sax.SAXParseException; systemId: file:/C:/Users/pushkarjayantchoupan/eclipse-workspace/HelloWorldJavaEE/Tomcat/conf/Catalina/localhost/deployment.xml; lineNumber: 1; columnNumber: 1; Premature end of file.
	at com.sun.org.apache.xerces.internal.util.ErrorHandlerWrapper.createSAXParseException(ErrorHandlerWrapper.java:203)
	at com.sun.org.apache.xerces.internal.util.ErrorHandlerWrapper.fatalError(ErrorHandlerWrapper.java:177)
	at com.sun.org.apache.xerces.internal.impl.XMLErrorReporter.reportError(XMLErrorReporter.java:400)
	at com.sun.org.apache.xerces.internal.impl.XMLErrorReporter.reportError(XMLErrorReporter.java:327)
	at com.sun.org.apache.xerces.internal.impl.XMLScanner.reportFatalError(XMLScanner.java:1473)
	at com.sun.org.apache.xerces.internal.impl.XMLDocumentScannerImpl$PrologDriver.next(XMLDocumentScannerImpl.java:1014)
	at com.sun.org.apache.xerces.internal.impl.XMLDocumentScannerImpl.next(XMLDocumentScannerImpl.java:602)
	at com.sun.org.apache.xerces.internal.impl.XMLDocumentFragmentScannerImpl.scanDocument(XMLDocumentFragmentScannerImpl.java:505)
	at com.sun.org.apache.xerces.internal.parsers.XML11Configuration.parse(XML11Configuration.java:842)
	at com.sun.org.apache.xerces.internal.parsers.XML11Configuration.parse(XML11Configuration.java:771)
	at com.sun.org.apache.xerces.internal.parsers.XMLParser.parse(XMLParser.java:141)
	at com.sun.org.apache.xerces.internal.parsers.AbstractSAXParser.parse(AbstractSAXParser.java:1213)
	at com.sun.org.apache.xerces.internal.jaxp.SAXParserImpl$JAXPSAXParser.parse(SAXParserImpl.java:643)
	at org.apache.tomcat.util.digester.Digester.parse(Digester.java:1451)
	at org.apache.catalina.startup.ContextConfig.processContextConfig(ContextConfig.java:542)
	at org.apache.catalina.startup.ContextConfig.contextConfig(ContextConfig.java:501)
	at org.apache.catalina.startup.ContextConfig.init(ContextConfig.java:739)
	at org.apache.catalina.startup.ContextConfig.lifecycleEvent(ContextConfig.java:317)
	at org.apache.catalina.util.LifecycleSupport.fireLifecycleEvent(LifecycleSupport.java:95)
	at org.apache.catalina.util.LifecycleBase.fireLifecycleEvent(LifecycleBase.java:90)
	at org.apache.catalina.util.LifecycleBase.setStateInternal(LifecycleBase.java:394)
	at org.apache.catalina.util.LifecycleBase.init(LifecycleBase.java:110)
	at org.apache.catalina.util.LifecycleBase.start(LifecycleBase.java:136)
	at org.apache.catalina.core.ContainerBase.addChildInternal(ContainerBase.java:725)
	at org.apache.catalina.core.ContainerBase.addChild(ContainerBase.java:701)
	at org.apache.catalina.core.StandardHost.addChild(StandardHost.java:717)
	at org.apache.catalina.startup.HostConfig.deployDescriptor(HostConfig.java:587)
	at org.apache.catalina.startup.HostConfig$DeployDescriptor.run(HostConfig.java:1798)
	at java.util.concurrent.Executors$RunnableAdapter.call(Executors.java:511)
	at java.util.concurrent.FutureTask.run(FutureTask.java:266)
	at java.util.concurrent.ThreadPoolExecutor.runWorker(ThreadPoolExecutor.java:1149)
	at java.util.concurrent.ThreadPoolExecutor$Worker.run(ThreadPoolExecutor.java:624)
	at java.lang.Thread.run(Thread.java:748)

19-May-2021 16:33:24.541 SEVERE [localhost-startStop-2] org.apache.catalina.startup.ContextConfig.processContextConfig Occurred at line 1 column 1
19-May-2021 16:33:24.543 SEVERE [localhost-startStop-2] org.apache.catalina.core.ContainerBase.addChildInternal ContainerBase.addChild: start: 
 org.apache.catalina.LifecycleException: Failed to start component [/deployment]
	at org.apache.catalina.util.LifecycleBase.start(LifecycleBase.java:153)
	at org.apache.catalina.core.ContainerBase.addChildInternal(ContainerBase.java:725)
	at org.apache.catalina.core.ContainerBase.addChild(ContainerBase.java:701)
	at org.apache.catalina.core.StandardHost.addChild(StandardHost.java:717)
	at org.apache.catalina.startup.HostConfig.deployDescriptor(HostConfig.java:587)
	at org.apache.catalina.startup.HostConfig$DeployDescriptor.run(HostConfig.java:1798)
	at java.util.concurrent.Executors$RunnableAdapter.call(Executors.java:511)
	at java.util.concurrent.FutureTask.run(FutureTask.java:266)
	at java.util.concurrent.ThreadPoolExecutor.runWorker(ThreadPoolExecutor.java:1149)
	at java.util.concurrent.ThreadPoolExecutor$Worker.run(ThreadPoolExecutor.java:624)
	at java.lang.Thread.run(Thread.java:748)
Caused by: org.apache.catalina.LifecycleException: Failed to process either the global, per-host or context-specific context.xml file therefore the [/deployment] Context cannot be started.
	at org.apache.catalina.startup.FailedContext.startInternal(FailedContext.java:199)
	at org.apache.catalina.util.LifecycleBase.start(LifecycleBase.java:147)
	... 10 more

19-May-2021 16:33:24.544 SEVERE [localhost-startStop-2] org.apache.catalina.startup.HostConfig.deployDescriptor Error deploying configuration descriptor C:\Users\pushkarjayantchoupan\eclipse-workspace\HelloWorldJavaEE\Tomcat\conf\Catalina\localhost\deployment.xml
 java.lang.IllegalStateException: ContainerBase.addChild: start: org.apache.catalina.LifecycleException: Failed to start component [/deployment]
	at org.apache.catalina.core.ContainerBase.addChildInternal(ContainerBase.java:729)
	at org.apache.catalina.core.ContainerBase.addChild(ContainerBase.java:701)
	at org.apache.catalina.core.StandardHost.addChild(StandardHost.java:717)
	at org.apache.catalina.startup.HostConfig.deployDescriptor(HostConfig.java:587)
	at org.apache.catalina.startup.HostConfig$DeployDescriptor.run(HostConfig.java:1798)
	at java.util.concurrent.Executors$RunnableAdapter.call(Executors.java:511)
	at java.util.concurrent.FutureTask.run(FutureTask.java:266)
	at java.util.concurrent.ThreadPoolExecutor.runWorker(ThreadPoolExecutor.java:1149)
	at java.util.concurrent.ThreadPoolExecutor$Worker.run(ThreadPoolExecutor.java:624)
	at java.lang.Thread.run(Thread.java:748)

19-May-2021 16:33:24.546 INFO [localhost-startStop-2] org.apache.catalina.startup.HostConfig.deployDescriptor Deployment of configuration descriptor C:\Users\pushkarjayantchoupan\eclipse-workspace\HelloWorldJavaEE\Tomcat\conf\Catalina\localhost\deployment.xml has finished in 23 ms
19-May-2021 16:35:14.694 INFO [ContainerBackgroundProcessor[StandardEngine[Catalina]]] org.apache.catalina.startup.HostConfig.undeploy Undeploying context [/deployment]
19-May-2021 16:35:14.701 INFO [localhost-startStop-3] org.apache.catalina.startup.HostConfig.deployDescriptor Deploying configuration descriptor C:\Users\pushkarjayantchoupan\eclipse-workspace\HelloWorldJavaEE\Tomcat\conf\Catalina\localhost\deployment.xml
19-May-2021 16:35:14.993 INFO [localhost-startStop-3] org.apache.catalina.startup.HostConfig.deployDescriptor Deployment of configuration descriptor C:\Users\pushkarjayantchoupan\eclipse-workspace\HelloWorldJavaEE\Tomcat\conf\Catalina\localhost\deployment.xml has finished in 291 ms
19-May-2021 16:38:25.278 INFO [ContainerBackgroundProcessor[StandardEngine[Catalina]]] org.apache.catalina.startup.HostConfig.reload Reloading context [/deployment]
19-May-2021 16:38:25.279 INFO [ContainerBackgroundProcessor[StandardEngine[Catalina]]] org.apache.catalina.core.StandardContext.reload Reloading Context with name [/deployment] has started
19-May-2021 16:38:25.403 SEVERE [ContainerBackgroundProcessor[StandardEngine[Catalina]]] org.apache.catalina.core.StandardContext.reload Exception starting Context with name [/deployment]
 org.apache.catalina.LifecycleException: Failed to start component [StandardEngine[Catalina].StandardHost[localhost].StandardContext[/deployment]]
	at org.apache.catalina.util.LifecycleBase.start(LifecycleBase.java:153)
	at org.apache.catalina.core.StandardContext.reload(StandardContext.java:3858)
	at org.apache.catalina.startup.HostConfig.reload(HostConfig.java:1372)
	at org.apache.catalina.startup.HostConfig.checkResources(HostConfig.java:1345)
	at org.apache.catalina.startup.HostConfig.check(HostConfig.java:1581)
	at org.apache.catalina.startup.HostConfig.lifecycleEvent(HostConfig.java:284)
	at org.apache.catalina.util.LifecycleSupport.fireLifecycleEvent(LifecycleSupport.java:95)
	at org.apache.catalina.util.LifecycleBase.fireLifecycleEvent(LifecycleBase.java:90)
	at org.apache.catalina.core.ContainerBase.backgroundProcess(ContainerBase.java:1140)
	at org.apache.catalina.core.ContainerBase$ContainerBackgroundProcessor.processChildren(ContainerBase.java:1376)
	at org.apache.catalina.core.ContainerBase$ContainerBackgroundProcessor.processChildren(ContainerBase.java:1380)
	at org.apache.catalina.core.ContainerBase$ContainerBackgroundProcessor.run(ContainerBase.java:1348)
	at java.lang.Thread.run(Thread.java:748)
Caused by: java.lang.IllegalArgumentException: The servlets named [HelloWorld] and [com.HWS.ServletHelloWorld] are both mapped to the url-pattern [/hello] which is not permitted
	at org.apache.tomcat.util.descriptor.web.WebXml.addServletMapping(WebXml.java:308)
	at org.apache.catalina.startup.ContextConfig.processAnnotationWebServlet(ContextConfig.java:2373)
	at org.apache.catalina.startup.ContextConfig.processAnnotationsStream(ContextConfig.java:2055)
	at org.apache.catalina.startup.ContextConfig.processAnnotationsWebResource(ContextConfig.java:1940)
	at org.apache.catalina.startup.ContextConfig.processAnnotationsWebResource(ContextConfig.java:1934)
	at org.apache.catalina.startup.ContextConfig.processAnnotationsWebResource(ContextConfig.java:1934)
	at org.apache.catalina.startup.ContextConfig.webConfig(ContextConfig.java:1147)
	at org.apache.catalina.startup.ContextConfig.configureStart(ContextConfig.java:779)
	at org.apache.catalina.startup.ContextConfig.lifecycleEvent(ContextConfig.java:306)
	at org.apache.catalina.util.LifecycleSupport.fireLifecycleEvent(LifecycleSupport.java:95)
	at org.apache.catalina.util.LifecycleBase.fireLifecycleEvent(LifecycleBase.java:90)
	at org.apache.catalina.core.StandardContext.startInternal(StandardContext.java:5202)
	at org.apache.catalina.util.LifecycleBase.start(LifecycleBase.java:147)
	... 12 more

19-May-2021 16:38:25.405 INFO [ContainerBackgroundProcessor[StandardEngine[Catalina]]] org.apache.catalina.core.StandardContext.reload Reloading Context with name [/deployment] is completed
19-May-2021 16:39:34.440 INFO [Thread-5] org.apache.coyote.AbstractProtocol.pause Pausing ProtocolHandler ["http-nio-8080"]
19-May-2021 16:39:34.507 INFO [Thread-5] org.apache.coyote.AbstractProtocol.pause Pausing ProtocolHandler ["ajp-nio-8009"]
19-May-2021 16:39:34.569 INFO [Thread-5] org.apache.catalina.core.StandardService.stopInternal Stopping service Catalina
19-May-2021 16:39:34.596 INFO [Thread-5] org.apache.coyote.AbstractProtocol.stop Stopping ProtocolHandler ["http-nio-8080"]
19-May-2021 16:39:34.598 INFO [Thread-5] org.apache.coyote.AbstractProtocol.stop Stopping ProtocolHandler ["ajp-nio-8009"]
19-May-2021 16:39:34.599 INFO [Thread-5] org.apache.coyote.AbstractProtocol.destroy Destroying ProtocolHandler ["http-nio-8080"]
19-May-2021 16:39:34.601 INFO [Thread-5] org.apache.coyote.AbstractProtocol.destroy Destroying ProtocolHandler ["ajp-nio-8009"]
19-May-2021 16:40:53.718 WARNING [main] org.apache.catalina.core.AprLifecycleListener.init The APR based Apache Tomcat Native library failed to load. The error reported was [C:\Users\pushkarjayantchoupan\eclipse-workspace\HelloWorldJavaEE\Tomcat\bin\tcnative-1.dll: Can't load IA 32-bit .dll on a AMD 64-bit platform]
 java.lang.UnsatisfiedLinkError: C:\Users\pushkarjayantchoupan\eclipse-workspace\HelloWorldJavaEE\Tomcat\bin\tcnative-1.dll: Can't load IA 32-bit .dll on a AMD 64-bit platform
	at java.lang.ClassLoader$NativeLibrary.load(Native Method)
	at java.lang.ClassLoader.loadLibrary0(ClassLoader.java:1934)
	at java.lang.ClassLoader.loadLibrary(ClassLoader.java:1850)
	at java.lang.Runtime.loadLibrary0(Runtime.java:871)
	at java.lang.System.loadLibrary(System.java:1124)
	at org.apache.tomcat.jni.Library.<init>(Library.java:42)
	at org.apache.tomcat.jni.Library.initialize(Library.java:178)
	at org.apache.catalina.core.AprLifecycleListener.init(AprLifecycleListener.java:197)
	at org.apache.catalina.core.AprLifecycleListener.isAprAvailable(AprLifecycleListener.java:106)
	at org.apache.catalina.connector.Connector.setProtocol(Connector.java:564)
	at org.apache.catalina.connector.Connector.<init>(Connector.java:66)
	at org.apache.catalina.startup.ConnectorCreateRule.begin(ConnectorCreateRule.java:62)
	at org.apache.tomcat.util.digester.Digester.startElement(Digester.java:1178)
	at com.sun.org.apache.xerces.internal.parsers.AbstractSAXParser.startElement(AbstractSAXParser.java:509)
	at com.sun.org.apache.xerces.internal.parsers.AbstractXMLDocumentParser.emptyElement(AbstractXMLDocumentParser.java:182)
	at com.sun.org.apache.xerces.internal.impl.XMLDocumentFragmentScannerImpl.scanStartElement(XMLDocumentFragmentScannerImpl.java:1339)
	at com.sun.org.apache.xerces.internal.impl.XMLDocumentFragmentScannerImpl$FragmentContentDriver.next(XMLDocumentFragmentScannerImpl.java:2784)
	at com.sun.org.apache.xerces.internal.impl.XMLDocumentScannerImpl.next(XMLDocumentScannerImpl.java:602)
	at com.sun.org.apache.xerces.internal.impl.XMLDocumentFragmentScannerImpl.scanDocument(XMLDocumentFragmentScannerImpl.java:505)
	at com.sun.org.apache.xerces.internal.parsers.XML11Configuration.parse(XML11Configuration.java:842)
	at com.sun.org.apache.xerces.internal.parsers.XML11Configuration.parse(XML11Configuration.java:771)
	at com.sun.org.apache.xerces.internal.parsers.XMLParser.parse(XMLParser.java:141)
	at com.sun.org.apache.xerces.internal.parsers.AbstractSAXParser.parse(AbstractSAXParser.java:1213)
	at com.sun.org.apache.xerces.internal.jaxp.SAXParserImpl$JAXPSAXParser.parse(SAXParserImpl.java:643)
	at org.apache.tomcat.util.digester.Digester.parse(Digester.java:1451)
	at org.apache.catalina.startup.Catalina.load(Catalina.java:552)
	at org.apache.catalina.startup.Catalina.load(Catalina.java:603)
	at sun.reflect.NativeMethodAccessorImpl.invoke0(Native Method)
	at sun.reflect.NativeMethodAccessorImpl.invoke(NativeMethodAccessorImpl.java:62)
	at sun.reflect.DelegatingMethodAccessorImpl.invoke(DelegatingMethodAccessorImpl.java:43)
	at java.lang.reflect.Method.invoke(Method.java:498)
	at org.apache.catalina.startup.Bootstrap.load(Bootstrap.java:310)
	at org.apache.catalina.startup.Bootstrap.main(Bootstrap.java:484)

19-May-2021 16:40:53.811 INFO [main] org.apache.catalina.startup.VersionLoggerListener.log Server version:        Apache Tomcat/8.0.36
19-May-2021 16:40:53.811 INFO [main] org.apache.catalina.startup.VersionLoggerListener.log Server built:          Jun 9 2016 13:55:50 UTC
19-May-2021 16:40:53.812 INFO [main] org.apache.catalina.startup.VersionLoggerListener.log Server number:         8.0.36.0
19-May-2021 16:40:53.814 INFO [main] org.apache.catalina.startup.VersionLoggerListener.log OS Name:               Windows 10
19-May-2021 16:40:53.815 INFO [main] org.apache.catalina.startup.VersionLoggerListener.log OS Version:            10.0
19-May-2021 16:40:53.815 INFO [main] org.apache.catalina.startup.VersionLoggerListener.log Architecture:          amd64
19-May-2021 16:40:53.816 INFO [main] org.apache.catalina.startup.VersionLoggerListener.log Java Home:             C:\Program Files\AdoptOpenJDK\jdk-8.0.272.10-hotspot\jre
19-May-2021 16:40:53.816 INFO [main] org.apache.catalina.startup.VersionLoggerListener.log JVM Version:           1.8.0_272-b10
19-May-2021 16:40:53.817 INFO [main] org.apache.catalina.startup.VersionLoggerListener.log JVM Vendor:            AdoptOpenJDK
19-May-2021 16:40:53.818 INFO [main] org.apache.catalina.startup.VersionLoggerListener.log CATALINA_BASE:         C:\Users\pushkarjayantchoupan\eclipse-workspace\HelloWorldJavaEE\Tomcat
19-May-2021 16:40:53.818 INFO [main] org.apache.catalina.startup.VersionLoggerListener.log CATALINA_HOME:         C:\Users\pushkarjayantchoupan\eclipse-workspace\HelloWorldJavaEE\Tomcat
19-May-2021 16:40:53.820 INFO [main] org.apache.catalina.startup.VersionLoggerListener.log Command line argument: -Djava.util.logging.config.file=C:/Users/pushkarjayantchoupan/eclipse-workspace/HelloWorldJavaEE/Tomcat/conf/logging.properties
19-May-2021 16:40:53.821 INFO [main] org.apache.catalina.startup.VersionLoggerListener.log Command line argument: -Djava.util.logging.manager=org.apache.juli.ClassLoaderLogManager
19-May-2021 16:40:53.821 INFO [main] org.apache.catalina.startup.VersionLoggerListener.log Command line argument: -Djdk.tls.ephemeralDHKeySize=2048
19-May-2021 16:40:53.822 INFO [main] org.apache.catalina.startup.VersionLoggerListener.log Command line argument: -Djava.endorsed.dirs=C:/Users/pushkarjayantchoupan/eclipse-workspace/HelloWorldJavaEE/Tomcat/endorsed
19-May-2021 16:40:53.822 INFO [main] org.apache.catalina.startup.VersionLoggerListener.log Command line argument: -Dcatalina.base=C:/Users/pushkarjayantchoupan/eclipse-workspace/HelloWorldJavaEE/Tomcat
19-May-2021 16:40:53.823 INFO [main] org.apache.catalina.startup.VersionLoggerListener.log Command line argument: -Dcatalina.home=C:/Users/pushkarjayantchoupan/eclipse-workspace/HelloWorldJavaEE/Tomcat
19-May-2021 16:40:53.823 INFO [main] org.apache.catalina.startup.VersionLoggerListener.log Command line argument: -Djava.io.tmpdir=C:/Users/pushkarjayantchoupan/eclipse-workspace/HelloWorldJavaEE/Tomcat/temp
19-May-2021 16:40:53.920 INFO [main] org.apache.coyote.AbstractProtocol.init Initializing ProtocolHandler ["http-nio-8080"]
19-May-2021 16:40:54.326 INFO [main] org.apache.tomcat.util.net.NioSelectorPool.getSharedSelector Using a shared selector for servlet write/read
19-May-2021 16:40:54.329 INFO [main] org.apache.coyote.AbstractProtocol.init Initializing ProtocolHandler ["ajp-nio-8009"]
19-May-2021 16:40:54.332 INFO [main] org.apache.tomcat.util.net.NioSelectorPool.getSharedSelector Using a shared selector for servlet write/read
19-May-2021 16:40:54.333 INFO [main] org.apache.catalina.startup.Catalina.load Initialization processed in 862 ms
19-May-2021 16:40:54.359 INFO [main] org.apache.catalina.core.StandardService.startInternal Starting service Catalina
19-May-2021 16:40:54.359 INFO [main] org.apache.catalina.core.StandardEngine.startInternal Starting Servlet Engine: Apache Tomcat/8.0.36
19-May-2021 16:40:54.372 INFO [localhost-startStop-1] org.apache.catalina.startup.HostConfig.deployDescriptor Deploying configuration descriptor C:\Users\pushkarjayantchoupan\eclipse-workspace\HelloWorldJavaEE\Tomcat\conf\Catalina\localhost\deployment.xml
19-May-2021 16:40:54.911 INFO [localhost-startStop-1] org.apache.catalina.startup.HostConfig.deployDescriptor Deployment of configuration descriptor C:\Users\pushkarjayantchoupan\eclipse-workspace\HelloWorldJavaEE\Tomcat\conf\Catalina\localhost\deployment.xml has finished in 539 ms
19-May-2021 16:40:54.912 INFO [localhost-startStop-1] org.apache.catalina.startup.HostConfig.deployDirectory Deploying web application directory C:\Users\pushkarjayantchoupan\eclipse-workspace\HelloWorldJavaEE\Tomcat\webapps\docs
19-May-2021 16:40:54.942 INFO [localhost-startStop-1] org.apache.catalina.startup.HostConfig.deployDirectory Deployment of web application directory C:\Users\pushkarjayantchoupan\eclipse-workspace\HelloWorldJavaEE\Tomcat\webapps\docs has finished in 30 ms
19-May-2021 16:40:54.942 INFO [localhost-startStop-1] org.apache.catalina.startup.HostConfig.deployDirectory Deploying web application directory C:\Users\pushkarjayantchoupan\eclipse-workspace\HelloWorldJavaEE\Tomcat\webapps\examples
19-May-2021 16:40:55.439 INFO [localhost-startStop-1] org.apache.catalina.startup.HostConfig.deployDirectory Deployment of web application directory C:\Users\pushkarjayantchoupan\eclipse-workspace\HelloWorldJavaEE\Tomcat\webapps\examples has finished in 497 ms
19-May-2021 16:40:55.439 INFO [localhost-startStop-1] org.apache.catalina.startup.HostConfig.deployDirectory Deploying web application directory C:\Users\pushkarjayantchoupan\eclipse-workspace\HelloWorldJavaEE\Tomcat\webapps\host-manager
19-May-2021 16:40:55.492 INFO [localhost-startStop-1] org.apache.catalina.startup.HostConfig.deployDirectory Deployment of web application directory C:\Users\pushkarjayantchoupan\eclipse-workspace\HelloWorldJavaEE\Tomcat\webapps\host-manager has finished in 53 ms
19-May-2021 16:40:55.492 INFO [localhost-startStop-1] org.apache.catalina.startup.HostConfig.deployDirectory Deploying web application directory C:\Users\pushkarjayantchoupan\eclipse-workspace\HelloWorldJavaEE\Tomcat\webapps\manager
19-May-2021 16:40:55.529 INFO [localhost-startStop-1] org.apache.catalina.startup.HostConfig.deployDirectory Deployment of web application directory C:\Users\pushkarjayantchoupan\eclipse-workspace\HelloWorldJavaEE\Tomcat\webapps\manager has finished in 37 ms
19-May-2021 16:40:55.529 INFO [localhost-startStop-1] org.apache.catalina.startup.HostConfig.deployDirectory Deploying web application directory C:\Users\pushkarjayantchoupan\eclipse-workspace\HelloWorldJavaEE\Tomcat\webapps\ROOT
19-May-2021 16:40:55.562 INFO [localhost-startStop-1] org.apache.catalina.startup.HostConfig.deployDirectory Deployment of web application directory C:\Users\pushkarjayantchoupan\eclipse-workspace\HelloWorldJavaEE\Tomcat\webapps\ROOT has finished in 33 ms
19-May-2021 16:40:55.566 INFO [main] org.apache.coyote.AbstractProtocol.start Starting ProtocolHandler ["http-nio-8080"]
19-May-2021 16:40:55.573 INFO [main] org.apache.coyote.AbstractProtocol.start Starting ProtocolHandler ["ajp-nio-8009"]
19-May-2021 16:40:55.575 INFO [main] org.apache.catalina.startup.Catalina.start Server startup in 1242 ms
